<!DOCTYPE html>
<html>
<head>
    <title>Unittest Results</title>
    <meta charset="utf-8">
    <meta name="viewport" content="width=device-width, initial-scale=1.0">
    <link rel="stylesheet" href="https://maxcdn.bootstrapcdn.com/bootstrap/3.3.6/css/bootstrap.min.css" integrity="sha384-1q8mTJOASx8j1Au+a5WDVnPi2lkFfwwEAa8hDDdjZlpLegxhjVME1fgjWPGmkzs7" crossorigin="anonymous">
</head>
<body>
    <div class="container">
        <div class="row">
            <div class="col-xs-12">
                <h2 class="text-capitalize">Unittest Results</h2>
                <p class='attribute'><strong>Start Time: </strong>2022-10-07 17:13:17</p>
                <p class='attribute'><strong>Duration: </strong>174.49 s</p>
                <p class='attribute'><strong>Summary: </strong>Total: 7, Pass: 5, Error: 2</p>
            </div>
        </div>
        <div class="row">
            <div class="col-xs-12 col-sm-10 col-md-10">
                <table class='table table-hover table-responsive'>
                    <thead>
                        <tr>
                            <th>__main__.UserManagementTest</th>
                            <th>Status</th>
                            <th></th>
                        </tr>
                    </thead>
                    <tbody>
                        <tr class='warning'>
                            <td class="col-xs-10">test_add</td>
                            <td class="col-xs-1">
                                <span class="label label-warning" style="display:block;width:40px;">Error</span>
                            </td>
                            <td class="col-xs-1">
                                <button class="btn btn-default btn-xs">View</button>
                            </td>
                        </tr>
                        <tr style="display:none;">
                            <td class="col-xs-9" colspan="3"><p style="color:maroon;">ElementClickInterceptedException: Message: element click intercepted: Element <span>...</span> is not clickable at point (1102, 511). Other element would receive the click: <div tabindex="-1" class="ant-modal-wrap">...</div>
  (Session info: chrome=106.0.5249.91)
Stacktrace:
Backtrace:
	Ordinal0 [0x003DDF13+2219795]
	Ordinal0 [0x00372841+1779777]
	Ordinal0 [0x0028423D+803389]
	Ordinal0 [0x002B99D4+1022420]
	Ordinal0 [0x002B78C4+1013956]
	Ordinal0 [0x002B54AB+1004715]
	Ordinal0 [0x002B4117+999703]
	Ordinal0 [0x002A9B76+957302]
	Ordinal0 [0x002CE7FC+1107964]
	Ordinal0 [0x002A94B4+955572]
	Ordinal0 [0x002CEA14+1108500]
	Ordinal0 [0x002DF192+1175954]
	Ordinal0 [0x002CE616+1107478]
	Ordinal0 [0x002A7F89+950153]
	Ordinal0 [0x002A8F56+954198]
	GetHandleVerifier [0x006D2CB2+3040210]
	GetHandleVerifier [0x006C2BB4+2974420]
	GetHandleVerifier [0x00476A0A+565546]
	GetHandleVerifier [0x00475680+560544]
	Ordinal0 [0x00379A5C+1808988]
	Ordinal0 [0x0037E3A8+1827752]
	Ordinal0 [0x0037E495+1827989]
	Ordinal0 [0x003880A4+1867940]
	BaseThreadInitThunk [0x75C46739+25]
	RtlGetFullPathName_UEx [0x76EC8FD2+1218]
	RtlGetFullPathName_UEx [0x76EC8F9D+1165]
</p><p style="color:maroon;">Traceback (most recent call last):
  File "c:\chromedriver_win32\Management.py", line 95, in test_add
    self.driver.find_element(By.XPATH,"//span[normalize-space()='OK']").click()
  File "C:\Python310\lib\site-packages\selenium\webdriver\remote\webelement.py", line 88, in click
    self._execute(Command.CLICK_ELEMENT)
  File "C:\Python310\lib\site-packages\selenium\webdriver\remote\webelement.py", line 396, in _execute
    return self._parent.execute(command, params)
  File "C:\Python310\lib\site-packages\selenium\webdriver\remote\webdriver.py", line 428, in execute
    self.error_handler.check_response(response)
  File "C:\Python310\lib\site-packages\selenium\webdriver\remote\errorhandler.py", line 243, in check_response
    raise exception_class(message, screen, stacktrace)
selenium.common.exceptions.ElementClickInterceptedException: Message: element click intercepted: Element <span>...</span> is not clickable at point (1102, 511). Other element would receive the click: <div tabindex="-1" class="ant-modal-wrap">...</div>
  (Session info: chrome=106.0.5249.91)
Stacktrace:
Backtrace:
	Ordinal0 [0x003DDF13+2219795]
	Ordinal0 [0x00372841+1779777]
	Ordinal0 [0x0028423D+803389]
	Ordinal0 [0x002B99D4+1022420]
	Ordinal0 [0x002B78C4+1013956]
	Ordinal0 [0x002B54AB+1004715]
	Ordinal0 [0x002B4117+999703]
	Ordinal0 [0x002A9B76+957302]
	Ordinal0 [0x002CE7FC+1107964]
	Ordinal0 [0x002A94B4+955572]
	Ordinal0 [0x002CEA14+1108500]
	Ordinal0 [0x002DF192+1175954]
	Ordinal0 [0x002CE616+1107478]
	Ordinal0 [0x002A7F89+950153]
	Ordinal0 [0x002A8F56+954198]
	GetHandleVerifier [0x006D2CB2+3040210]
	GetHandleVerifier [0x006C2BB4+2974420]
	GetHandleVerifier [0x00476A0A+565546]
	GetHandleVerifier [0x00475680+560544]
	Ordinal0 [0x00379A5C+1808988]
	Ordinal0 [0x0037E3A8+1827752]
	Ordinal0 [0x0037E495+1827989]
	Ordinal0 [0x003880A4+1867940]
	BaseThreadInitThunk [0x75C46739+25]
	RtlGetFullPathName_UEx [0x76EC8FD2+1218]
	RtlGetFullPathName_UEx [0x76EC8F9D+1165]

c:\chromedriver_win32\Management.py:11: DeprecationWarning: executable_path has been deprecated, please pass in a Service object
  self.driver = webdriver.Chrome(executable_path='C:/chromedriver_win32/driver/chromedriver.exe')
</p>
                            </td>
                        </tr>
                        <tr class='success'>
                            <td class="col-xs-10">test_delete</td>
                            <td class="col-xs-1">
                                <span class="label label-success" style="display:block;width:40px;">Pass</span>
                            </td>
                            <td class="col-xs-1">
                            </td>
                        </tr>
                        <tr class='success'>
                            <td class="col-xs-10">test_detail</td>
                            <td class="col-xs-1">
                                <span class="label label-success" style="display:block;width:40px;">Pass</span>
                            </td>
                            <td class="col-xs-1">
                            </td>
                        </tr>
                        <tr class='success'>
                            <td class="col-xs-10">test_download</td>
                            <td class="col-xs-1">
                                <span class="label label-success" style="display:block;width:40px;">Pass</span>
                            </td>
                            <td class="col-xs-1">
                            </td>
                        </tr>
                        <tr class='warning'>
                            <td class="col-xs-10">test_edit</td>
                            <td class="col-xs-1">
                                <span class="label label-warning" style="display:block;width:40px;">Error</span>
                            </td>
                            <td class="col-xs-1">
                                <button class="btn btn-default btn-xs">View</button>
                            </td>
                        </tr>
                        <tr style="display:none;">
                            <td class="col-xs-9" colspan="3"><p style="color:maroon;">NoSuchElementException: Message: no such element: Unable to locate element: {"method":"xpath","selector":"//span[normalize-space()='Cancel']"}
  (Session info: chrome=106.0.5249.91)
Stacktrace:
Backtrace:
	Ordinal0 [0x003DDF13+2219795]
	Ordinal0 [0x00372841+1779777]
	Ordinal0 [0x0028423D+803389]
	Ordinal0 [0x002B3025+995365]
	Ordinal0 [0x002B31EB+995819]
	Ordinal0 [0x002E0F52+1183570]
	Ordinal0 [0x002CE844+1108036]
	Ordinal0 [0x002DF192+1175954]
	Ordinal0 [0x002CE616+1107478]
	Ordinal0 [0x002A7F89+950153]
	Ordinal0 [0x002A8F56+954198]
	GetHandleVerifier [0x006D2CB2+3040210]
	GetHandleVerifier [0x006C2BB4+2974420]
	GetHandleVerifier [0x00476A0A+565546]
	GetHandleVerifier [0x00475680+560544]
	Ordinal0 [0x00379A5C+1808988]
	Ordinal0 [0x0037E3A8+1827752]
	Ordinal0 [0x0037E495+1827989]
	Ordinal0 [0x003880A4+1867940]
	BaseThreadInitThunk [0x75C46739+25]
	RtlGetFullPathName_UEx [0x76EC8FD2+1218]
	RtlGetFullPathName_UEx [0x76EC8F9D+1165]
</p><p style="color:maroon;">Traceback (most recent call last):
  File "c:\chromedriver_win32\Management.py", line 70, in test_edit
    self.driver.find_element(By.XPATH,"//span[normalize-space()='Cancel']").click()
  File "C:\Python310\lib\site-packages\selenium\webdriver\remote\webdriver.py", line 855, in find_element
    return self.execute(Command.FIND_ELEMENT, {
  File "C:\Python310\lib\site-packages\selenium\webdriver\remote\webdriver.py", line 428, in execute
    self.error_handler.check_response(response)
  File "C:\Python310\lib\site-packages\selenium\webdriver\remote\errorhandler.py", line 243, in check_response
    raise exception_class(message, screen, stacktrace)
selenium.common.exceptions.NoSuchElementException: Message: no such element: Unable to locate element: {"method":"xpath","selector":"//span[normalize-space()='Cancel']"}
  (Session info: chrome=106.0.5249.91)
Stacktrace:
Backtrace:
	Ordinal0 [0x003DDF13+2219795]
	Ordinal0 [0x00372841+1779777]
	Ordinal0 [0x0028423D+803389]
	Ordinal0 [0x002B3025+995365]
	Ordinal0 [0x002B31EB+995819]
	Ordinal0 [0x002E0F52+1183570]
	Ordinal0 [0x002CE844+1108036]
	Ordinal0 [0x002DF192+1175954]
	Ordinal0 [0x002CE616+1107478]
	Ordinal0 [0x002A7F89+950153]
	Ordinal0 [0x002A8F56+954198]
	GetHandleVerifier [0x006D2CB2+3040210]
	GetHandleVerifier [0x006C2BB4+2974420]
	GetHandleVerifier [0x00476A0A+565546]
	GetHandleVerifier [0x00475680+560544]
	Ordinal0 [0x00379A5C+1808988]
	Ordinal0 [0x0037E3A8+1827752]
	Ordinal0 [0x0037E495+1827989]
	Ordinal0 [0x003880A4+1867940]
	BaseThreadInitThunk [0x75C46739+25]
	RtlGetFullPathName_UEx [0x76EC8FD2+1218]
	RtlGetFullPathName_UEx [0x76EC8F9D+1165]

</p>
                            </td>
                        </tr>
                        <tr class='success'>
                            <td class="col-xs-10">test_filter_urut</td>
                            <td class="col-xs-1">
                                <span class="label label-success" style="display:block;width:40px;">Pass</span>
                            </td>
                            <td class="col-xs-1">
                            </td>
                        </tr>
                        <tr class='success'>
                            <td class="col-xs-10">test_page</td>
                            <td class="col-xs-1">
                                <span class="label label-success" style="display:block;width:40px;">Pass</span>
                            </td>
                            <td class="col-xs-1">
                            </td>
                        </tr>
                        <tr>
                            <td colspan="3">
                                Total: 7, Pass: 5, Error: 2 -- Duration: 174.49 s
                            </td>
                        </tr>
                    </tbody>
                </table>
            </div>
        </div>
    </div>
    <script src="https://ajax.googleapis.com/ajax/libs/jquery/2.2.4/jquery.min.js"></script>
    <script type="text/javascript">
        $(document).ready(function(){
            $('td').on('click', '.btn', function(e){
                e.preventDefault();
                e.stopImmediatePropagation();
                var $this = $(this);
                var $nextRow = $this.closest('tr').next('tr');
                $nextRow.slideToggle("fast");
                $this.text(function(i, text){
                    if (text === 'View') {
                        return 'Hide';
                    } else {
                        return 'View';
                    };
                });
            });
        });
    </script>
</body>
</html